<?xml version="1.0" encoding="UTF-8"?>
<!-- Generated by org.testng.reporters.JUnitReportReporter -->
<testsuite hostname="LTIN438594" failures="0" tests="3" name="com.main.runner.TestNGCucumberRunner" time="91.636" errors="0" timestamp="2025-07-14T10:37:42 IST" skipped="0">
  <testcase classname="com.main.runner.TestNGCucumberRunner" name="runScenario" time="31.095"/>
  <testcase classname="com.main.runner.TestNGCucumberRunner" name="runScenario" time="31.231"/>
  <testcase classname="com.main.runner.TestNGCucumberRunner" name="runScenario" time="29.310"/>
</testsuite> <!-- com.main.runner.TestNGCucumberRunner -->
