<?xml version="1.0" encoding="UTF-8"?>
<!-- Generated by org.testng.reporters.JUnitReportReporter -->
<testsuite hostname="LTIN438594" failures="0" tests="5" name="com.main.runner.TestNGCucumberRunner" time="123.481" errors="0" timestamp="2025-07-14T15:22:17 IST" skipped="0">
  <testcase classname="com.main.runner.TestNGCucumberRunner" name="runScenario" time="27.253"/>
  <testcase classname="com.main.runner.TestNGCucumberRunner" name="runScenario" time="18.366"/>
  <testcase classname="com.main.runner.TestNGCucumberRunner" name="runScenario" time="22.191"/>
  <testcase classname="com.main.runner.TestNGCucumberRunner" name="runScenario" time="26.948"/>
  <testcase classname="com.main.runner.TestNGCucumberRunner" name="runScenario" time="28.723"/>
</testsuite> <!-- com.main.runner.TestNGCucumberRunner -->
