<?xml version="1.0" encoding="UTF-8"?>
<!-- Generated by org.testng.reporters.JUnitReportReporter -->
<testsuite hostname="LTIN438594" failures="0" tests="5" name="com.main.runner.TestNGCucumberRunner" time="131.821" errors="0" timestamp="2025-07-14T16:09:49 IST" skipped="0">
  <testcase classname="com.main.runner.TestNGCucumberRunner" name="runScenario" time="29.021"/>
  <testcase classname="com.main.runner.TestNGCucumberRunner" name="runScenario" time="21.005"/>
  <testcase classname="com.main.runner.TestNGCucumberRunner" name="runScenario" time="27.921"/>
  <testcase classname="com.main.runner.TestNGCucumberRunner" name="runScenario" time="24.471"/>
  <testcase classname="com.main.runner.TestNGCucumberRunner" name="runScenario" time="29.403"/>
</testsuite> <!-- com.main.runner.TestNGCucumberRunner -->
